<?xml version="1.0" encoding="UTF-8"?>
<!-- Generated by org.testng.reporters.JUnitReportReporter -->
<testsuite hostname="CDC2-L-8VBWT93" failures="0" tests="2" name="seleniumproject.Seleniumclass" time="9.550" errors="0" timestamp="2021-10-24T00:09:14 IST" skipped="0">
  <testcase classname="seleniumproject.Seleniumclass" name="loginPageTest" time="4.408"/>
  <system-out/>
  <testcase classname="seleniumproject.Seleniumclass" name="addBuildServerTest" time="5.142"/>
  <system-out/>
</testsuite> <!-- seleniumproject.Seleniumclass -->
