<?xml version="1.0" encoding="UTF-8"?>
<!-- Generated by org.testng.reporters.JUnitReportReporter -->
<testsuite hostname="CDC2-L-8VBWT93" failures="0" tests="3" name="seleniumproject.Seleniumclass" time="2.314" errors="0" timestamp="2021-10-24T13:05:57 IST" skipped="0">
  <testcase classname="seleniumproject.Seleniumclass" name="loginPageTest" time="1.279"/>
  <system-out/>
  <testcase classname="seleniumproject.Seleniumclass" name="addBuildServerTest" time="0.581"/>
  <system-out/>
  <testcase classname="seleniumproject.Seleniumclass" name="addPipelineTest" time="0.454"/>
  <system-out/>
</testsuite> <!-- seleniumproject.Seleniumclass -->
